#
# A fatal error has been detected by the Java Runtime Environment:
#
#  Internal Error (javaClasses.cpp:136), pid=8876, tid=768
#  fatal error: Invalid layout of preloaded class
#
# JRE version:  (7.0_45-b18) (build )
# Java VM: Java HotSpot(TM) 64-Bit Server VM (24.45-b08 mixed mode windows-amd64 compressed oops)
# Failed to write core dump. Minidumps are not enabled by default on client versions of Windows
#
# If you would like to submit a bug report, please visit:
#   http://bugreport.sun.com/bugreport/crash.jsp
#

---------------  T H R E A D  ---------------

Current thread (0x00000000023fe000):  JavaThread "Unknown thread" [_thread_in_vm, id=768, stack(0x0000000002640000,0x0000000002740000)]

Stack: [0x0000000002640000,0x0000000002740000]

---------------  P R O C E S S  ---------------

Java Threads: ( => current thread )

Other Threads:

=>0x00000000023fe000 (exited) JavaThread "Unknown thread" [_thread_in_vm, id=768, stack(0x0000000002640000,0x0000000002740000)]

VM state:not at safepoint (not fully initialized)

VM Mutex/Monitor currently owned by a thread: None

GC Heap History (0 events):
No events

Deoptimization events (0 events):
No events

Internal exceptions (0 events):
No events

Events (10 events):
Event: 0.006 loading class 0x00000000022fc1b0 done
Event: 0.007 loading class 0x00000000022fbbd0 done
Event: 0.007 loading class 0x00000000022fbbb0
Event: 0.007 loading class 0x0000000002303cb0
Event: 0.007 loading class 0x0000000002303cb0 done
Event: 0.007 loading class 0x0000000002303ce0
Event: 0.007 loading class 0x0000000002303ce0 done
Event: 0.007 loading class 0x0000000002303d10
Event: 0.007 loading class 0x0000000002303d10 done
Event: 0.007 loading class 0x00000000022fbbb0 done


Dynamic libraries:
0x000000013fd30000 - 0x000000013fd63000 	D:\jdk1.7.0_45\bin\javaw.exe
0x0000000077aa0000 - 0x0000000077c49000 	C:\Windows\SYSTEM32\ntdll.dll
0x0000000077980000 - 0x0000000077a9f000 	C:\Windows\system32\kernel32.dll
0x000007fefd910000 - 0x000007fefd97c000 	C:\Windows\system32\KERNELBASE.dll
0x000007fefdb00000 - 0x000007fefdbdb000 	C:\Windows\system32\ADVAPI32.dll
0x000007fefdee0000 - 0x000007fefdf7f000 	C:\Windows\system32\msvcrt.dll
0x000007fefede0000 - 0x000007fefedff000 	C:\Windows\SYSTEM32\sechost.dll
0x000007fefea50000 - 0x000007fefeb7d000 	C:\Windows\system32\RPCRT4.dll
0x0000000077880000 - 0x000000007797a000 	C:\Windows\system32\USER32.dll
0x000007feffd30000 - 0x000007feffd97000 	C:\Windows\system32\GDI32.dll
0x000007feffda0000 - 0x000007feffdae000 	C:\Windows\system32\LPK.dll
0x000007fefe450000 - 0x000007fefe519000 	C:\Windows\system32\USP10.dll
0x000007fefbb10000 - 0x000007fefbd04000 	C:\Windows\WinSxS\amd64_microsoft.windows.common-controls_6595b64144ccf1df_6.0.7601.17514_none_fa396087175ac9ac\COMCTL32.dll
0x000007fefdf80000 - 0x000007fefdff1000 	C:\Windows\system32\SHLWAPI.dll
0x000007fefeb80000 - 0x000007fefebae000 	C:\Windows\system32\IMM32.DLL
0x000007feffba0000 - 0x000007feffca9000 	C:\Windows\system32\MSCTF.dll
0x0000000056f80000 - 0x0000000057052000 	D:\jdk1.7.0_45\jre\bin\msvcr100.dll
0x0000000063220000 - 0x00000000639e9000 	D:\jdk1.7.0_45\jre\bin\server\jvm.dll
0x000007fefca90000 - 0x000007fefca99000 	C:\Windows\system32\WSOCK32.dll
0x000007fefdbe0000 - 0x000007fefdc2d000 	C:\Windows\system32\WS2_32.dll
0x000007feffb90000 - 0x000007feffb98000 	C:\Windows\system32\NSI.dll
0x000007fefd740000 - 0x000007fefd77b000 	C:\Windows\system32\WINMM.dll
0x0000000077c70000 - 0x0000000077c77000 	C:\Windows\system32\PSAPI.DLL
0x0000000068e40000 - 0x0000000068e4f000 	D:\jdk1.7.0_45\jre\bin\verify.dll
0x0000000064190000 - 0x00000000641b8000 	D:\jdk1.7.0_45\jre\bin\java.dll
0x0000000064170000 - 0x0000000064185000 	D:\jdk1.7.0_45\jre\bin\zip.dll

VM Arguments:
jvm_args: -Dfile.encoding=UTF-8 -Xbootclasspath:D:\tool\adt-bundle-windows-x86_64-20130917\adt-bundle-windows-x86_64-20130917\sdk\platforms\android-19\android.jar 
java_command: com.matrix.brainsense.util.FTPUtil
Launcher Type: SUN_STANDARD

Environment Variables:
JAVA_HOME=D:\jdk1.7.0_45
PATH=D:/jdk1.7.0_45/bin/../jre/bin/server;D:/jdk1.7.0_45/bin/../jre/bin;D:/jdk1.7.0_45/bin/../jre/lib/amd64;C:\Git\libexec\git-core;C:\Git\bin;D:\tool\apache-ant-1.9.3\lib;D:\tool\apache-ant-1.9.3\bin;D:\jdk1.7.0_45\bin;D:\tool\adt-bundle-windows-x86_64-20130917\adt-bundle-windows-x86_64-20130917\sdk\tools;D:\tool\adt-bundle-windows-x86_64-20130917\adt-bundle-windows-x86_64-20130917\sdk\platform-tools;D:\jolina\android\workspace\Chat_client\libs;C:\Program Files\Common Files\Microsoft Shared\Windows Live;C:\Program Files (x86)\Common Files\Microsoft Shared\Windows Live;c:\Program Files (x86)\AMD APP\bin\x86_64;c:\Program Files (x86)\AMD APP\bin\x86;C:\Program Files (x86)\Intel\iCLS Client\;C:\Program Files\Intel\iCLS Client\;C:\Windows\system32;C:\Windows;C:\Windows\System32\Wbem;C:\Windows\System32\WindowsPowerShell\v1.0\;c:\Program Files (x86)\ATI Technologies\ATI.ACE\Core-Static;C:\Program Files\Dell\Dell Data Protection\Access\Advanced\Wave\Gemalto\Access Client\v5\;C:\Program Files (x86)\Security Innovation\SI TSS\bin\;C:\Program Files (x86)\Windows Live\Shared;C:\Program Files\TortoiseGit\bin;D:\Program Files\MySQL\MySQL Utilities 1.3.6\;C:\Program Files\Intel\Intel(R) Management Engine Components\DAL;C:\Program Files\Intel\Intel(R) Management Engine Components\IPT;C:\Program Files (x86)\Intel\Intel(R) Management Engine Components\DAL;C:\Program Files (x86)\Intel\Intel(R) Management Engine Components\IPT;D:\tool\eclipse-jee-kepler-SR1-win32-x86_64\eclipse;
USERNAME=dell
OS=Windows_NT
PROCESSOR_IDENTIFIER=Intel64 Family 6 Model 58 Stepping 9, GenuineIntel



---------------  S Y S T E M  ---------------

OS: Windows 7 , 64 bit Build 7601 Service Pack 1

CPU:total 4 (4 cores per cpu, 1 threads per core) family 6 model 58 stepping 9, cmov, cx8, fxsr, mmx, sse, sse2, sse3, ssse3, sse4.1, sse4.2, popcnt, avx, aes, erms, tsc, tscinvbit, tscinv

Memory: 4k page, physical 8342020k(4037304k free), swap 16682176k(10889128k free)

vm_info: Java HotSpot(TM) 64-Bit Server VM (24.45-b08) for windows-amd64 JRE (1.7.0_45-b18), built on Oct  8 2013 05:47:22 by "java_re" with unknown MS VC++:1600

time: Wed May 28 13:15:06 2014
elapsed time: 0 seconds

